2020-12-01 18:37:14,222 INFO PERFORMANCE:|0|0|-1|-1

2020-12-01 18:42:14,218 INFO PERFORMANCE:|0|0|-1|-1

2020-12-01 18:49:36,961 INFO PERFORMANCE:|0|0|-1|-1

2020-12-01 18:54:36,955 INFO PERFORMANCE:|0|0|-1|-1

2020-12-01 18:59:36,950 INFO PERFORMANCE:|0|0|-1|-1

2020-12-01 19:04:36,944 INFO PERFORMANCE:|0|0|-1|-1

2020-12-01 19:09:36,939 INFO PERFORMANCE:|0|0|-1|-1

2020-12-01 19:14:36,932 INFO PERFORMANCE:|0|0|-1|-1

2020-12-01 19:20:38,045 INFO PERFORMANCE:|0|0|-1|-1

2020-12-01 19:25:38,038 INFO PERFORMANCE:|0|0|-1|-1

2020-12-01 19:30:38,030 INFO PERFORMANCE:|0|0|-1|-1

2020-12-01 19:34:52,652 INFO PERFORMANCE:|0|0|-1|-1

2020-12-01 19:39:52,645 INFO PERFORMANCE:|0|0|-1|-1

2020-12-01 19:44:52,639 INFO PERFORMANCE:|0|0|-1|-1

2020-12-01 19:49:52,633 INFO PERFORMANCE:|0|0|-1|-1

2020-12-01 19:54:52,629 INFO PERFORMANCE:|0|0|-1|-1

2020-12-01 19:57:25,510 INFO PERFORMANCE:|0|0|-1|-1

2020-12-01 20:02:25,504 INFO PERFORMANCE:|0|0|-1|-1

2020-12-01 20:07:25,496 INFO PERFORMANCE:|0|0|-1|-1

2020-12-01 20:12:25,488 INFO PERFORMANCE:|0|0|-1|-1

2020-12-01 20:17:25,483 INFO PERFORMANCE:|0|0|-1|-1

2020-12-01 20:22:25,479 INFO PERFORMANCE:|0|0|-1|-1

2020-12-01 20:27:25,473 INFO PERFORMANCE:|0|0|-1|-1

2020-12-01 20:32:25,465 INFO PERFORMANCE:|0|0|-1|-1

2020-12-01 20:37:25,465 INFO PERFORMANCE:|0|0|-1|-1

2020-12-01 20:42:25,461 INFO PERFORMANCE:|0|0|-1|-1

2020-12-01 20:47:25,454 INFO PERFORMANCE:|0|0|-1|-1

2020-12-01 20:52:25,448 INFO PERFORMANCE:|0|0|-1|-1

2020-12-01 20:57:25,440 INFO PERFORMANCE:|0|0|-1|-1

2020-12-01 21:02:25,432 INFO PERFORMANCE:|0|0|-1|-1

2020-12-01 21:07:25,419 INFO PERFORMANCE:|0|0|-1|-1

2020-12-01 21:12:25,414 INFO PERFORMANCE:|0|0|-1|-1

2020-12-01 21:17:25,410 INFO PERFORMANCE:|0|0|-1|-1

2020-12-01 21:22:25,405 INFO PERFORMANCE:|0|0|-1|-1

2020-12-01 21:27:25,396 INFO PERFORMANCE:|0|0|-1|-1

