/Users/alex/Library/Java/JavaVirtualMachines/openjdk-14.0.1/Contents/Home/bin/java  -Xms512m -Xmx512m -Xmn256m -Dnacos.standalone=true -Dnacos.member.list= -Xlog:gc*:file=/Users/alex/Downloads/nacos/logs/nacos_gc.log:time,tags:filecount=10,filesize=102400 -Dloader.path=/Users/alex/Downloads/nacos/plugins/health,/Users/alex/Downloads/nacos/plugins/cmdb -Dnacos.home=/Users/alex/Downloads/nacos -jar /Users/alex/Downloads/nacos/target/nacos-server.jar  --spring.config.location=classpath:/,classpath:/config/,file:./,file:./config/,file:/Users/alex/Downloads/nacos/conf/ --logging.config=/Users/alex/Downloads/nacos/conf/nacos-logback.xml --server.max-http-header-size=524288
2020-12-01 19:56:48,060 WARN [ThreadPoolManager] Destruction of the end


         ,--.
       ,--.'|
   ,--,:  : |                                           Nacos 1.3.1
,`--.'`|  ' :                       ,---.               Running in stand alone mode, All function modules
|   :  :  | |                      '   ,'\   .--.--.    Port: 8848
:   |   \ | :  ,--.--.     ,---.  /   /   | /  /    '   Pid: 98514
|   : '  '; | /       \   /     \.   ; ,. :|  :  /`./   Console: http://10.87.197.188:8848/nacos/index.html
'   ' ;.    ;.--.  .-. | /    / ''   | |: :|  :  ;_
|   | | \   | \__\/: . ..    ' / '   | .; : \  \    `.      https://nacos.io
'   : |  ; .' ," .--.; |'   ; :__|   :    |  `----.   \
|   | '`--'  /  /  ,.  |'   | '.'|\   \  /  /  /`--'  /
'   : |     ;  :   .'   \   :    : `----'  '--'.     /
;   |.'     |  ,     .-./\   \  /            `--'---'
'---'        `--`---'     `----'

2020-12-01 19:56:51,670 INFO Bean 'org.springframework.security.config.annotation.configuration.ObjectPostProcessorConfiguration' of type [org.springframework.security.config.annotation.configuration.ObjectPostProcessorConfiguration$$EnhancerBySpringCGLIB$$6d72878b] is not eligible for getting processed by all BeanPostProcessors (for example: not eligible for auto-proxying)

2020-12-01 19:56:51,801 INFO Bean 'objectPostProcessor' of type [org.springframework.security.config.annotation.configuration.AutowireBeanFactoryObjectPostProcessor] is not eligible for getting processed by all BeanPostProcessors (for example: not eligible for auto-proxying)

2020-12-01 19:56:51,805 INFO Bean 'org.springframework.security.access.expression.method.DefaultMethodSecurityExpressionHandler@2fab4aff' of type [org.springframework.security.access.expression.method.DefaultMethodSecurityExpressionHandler] is not eligible for getting processed by all BeanPostProcessors (for example: not eligible for auto-proxying)

2020-12-01 19:56:51,809 INFO Bean 'org.springframework.security.config.annotation.method.configuration.GlobalMethodSecurityConfiguration' of type [org.springframework.security.config.annotation.method.configuration.GlobalMethodSecurityConfiguration$$EnhancerBySpringCGLIB$$92472a3d] is not eligible for getting processed by all BeanPostProcessors (for example: not eligible for auto-proxying)

2020-12-01 19:56:51,817 INFO Bean 'methodSecurityMetadataSource' of type [org.springframework.security.access.method.DelegatingMethodSecurityMetadataSource] is not eligible for getting processed by all BeanPostProcessors (for example: not eligible for auto-proxying)

2020-12-01 19:56:52,365 INFO Tomcat initialized with port(s): 8848 (http)

2020-12-01 19:56:52,499 INFO Root WebApplicationContext: initialization completed in 3977 ms

2020-12-01 19:56:56,093 INFO Initializing ExecutorService 'applicationTaskExecutor'

2020-12-01 19:56:56,420 INFO Adding welcome page: class path resource [static/index.html]

2020-12-01 19:56:57,095 INFO Creating filter chain: Ant [pattern='/**'], []

2020-12-01 19:56:57,149 INFO Creating filter chain: any request, [org.springframework.security.web.context.request.async.WebAsyncManagerIntegrationFilter@4a8a0099, org.springframework.security.web.context.SecurityContextPersistenceFilter@506aabf6, org.springframework.security.web.header.HeaderWriterFilter@1756f7cc, org.springframework.security.web.csrf.CsrfFilter@49a6f486, org.springframework.security.web.authentication.logout.LogoutFilter@73c3cd09, org.springframework.security.web.savedrequest.RequestCacheAwareFilter@6824b913, org.springframework.security.web.servletapi.SecurityContextHolderAwareRequestFilter@2d760326, org.springframework.security.web.authentication.AnonymousAuthenticationFilter@7c1447b5, org.springframework.security.web.session.SessionManagementFilter@3330f3ad, org.springframework.security.web.access.ExceptionTranslationFilter@10947c4e]

2020-12-01 19:56:57,281 INFO Exposing 2 endpoint(s) beneath base path '/actuator'

2020-12-01 19:56:57,323 INFO Initializing ExecutorService 'taskScheduler'

2020-12-01 19:56:57,484 INFO Tomcat started on port(s): 8848 (http) with context path '/nacos'

2020-12-01 19:56:57,487 INFO Nacos Log files: /Users/alex/Downloads/nacos/logs

2020-12-01 19:56:57,489 INFO Nacos Log files: /Users/alex/Downloads/nacos/conf

2020-12-01 19:56:57,489 INFO Nacos Log files: /Users/alex/Downloads/nacos/data

2020-12-01 19:56:57,490 INFO Nacos started successfully in stand alone mode. use embedded storage

2020-12-01 19:57:18,474 INFO Initializing Servlet 'dispatcherServlet'

2020-12-01 19:57:18,490 INFO Completed initialization in 16 ms

